<?xml version="1.0" encoding="UTF-8"?>
<!-- Generated by org.testng.reporters.JUnitReportReporter -->
<testsuite hostname="prathyu" failures="0" tests="2" name="TestCases.TC_LoginDDT_002" time="40.514" errors="0" timestamp="2023-10-26T11:54:30 IST" skipped="0">
  <testcase classname="TestCases.TC_LoginDDT_002" name="logindt" time="19.182"/>
  <system-out/>
  <testcase classname="TestCases.TC_LoginDDT_002" name="logindt" time="21.332"/>
  <system-out/>
</testsuite> <!-- TestCases.TC_LoginDDT_002 -->
